<?xml version="1.0" encoding="UTF-8"?>
<testsuite name="tests.ui.InvalidLoginTest" tests="1" skipped="0" failures="0" errors="0" timestamp="2023-01-16T19:00:41" hostname="AAKIREEVA-NB" time="15.059">
  <properties/>
  <testcase name="InValid autorisation" classname="tests.ui.InvalidLoginTest" time="15.059"/>
  <system-out><![CDATA[https://selenoid.autotests.cloud/video/eb1b66bdaeeb2401d780bd540e99c8d8.mp4
]]></system-out>
  <system-err><![CDATA[янв. 16, 2023 10:00:42 PM org.openqa.selenium.remote.RemoteWebDriver checkNonW3CCapabilities
WARNING: Support for Legacy Capabilities is deprecated; You are sending the following invalid capabilities: [enableVNC, enableVideo]; Please update to W3C Syntax: https://www.selenium.dev/blog/2022/legacy-protocol-support/
янв. 16, 2023 10:00:50 PM org.openqa.selenium.remote.ProtocolHandshake createSession
WARNING: Support for Legacy Capabilities is deprecated; You are sending the following invalid capabilities: [enableVNC, enableVideo]; Please update to W3C Syntax: https://www.selenium.dev/blog/2022/legacy-protocol-support/
]]></system-err>
</testsuite>
